\BOOKMARK [0][-]{Doc-Start}{\376\377\000C\000E\000R\000T\000I\000F\000I\000C\000A\000T\000I\000O\000N}{}% 1
\BOOKMARK [0][-]{chapter*.2}{\376\377\000L\000I\000S\000T\000\040\000O\000F\000\040\000F\000I\000G\000U\000R\000E\000S}{}% 2
\BOOKMARK [0][-]{chapter*.3}{\376\377\000L\000I\000S\000T\000\040\000O\000F\000\040\000T\000A\000B\000L\000E\000S}{}% 3
\BOOKMARK [0][-]{chapter*.3}{\376\377\000L\000I\000S\000T\000\040\000O\000F\000\040\000S\000Y\000M\000B\000O\000L\000S}{}% 4
\BOOKMARK [0][-]{chapter.1}{\376\377\000I\000N\000T\000R\000O\000D\000U\000C\000T\000I\000O\000N}{}% 5
\BOOKMARK [1][-]{section.1.1}{\376\377\000B\000a\000c\000k\000g\000r\000o\000u\000n\000d}{chapter.1}% 6
\BOOKMARK [1][-]{section.1.2}{\376\377\000O\000b\000j\000e\000c\000t\000i\000v\000e\000s}{chapter.1}% 7
\BOOKMARK [1][-]{section.1.3}{\376\377\000S\000i\000g\000n\000i\000f\000i\000c\000a\000n\000c\000e}{chapter.1}% 8
\BOOKMARK [1][-]{section.1.4}{\376\377\000L\000i\000m\000i\000t\000a\000t\000i\000o\000n\000s}{chapter.1}% 9
\BOOKMARK [1][-]{section.1.5}{\376\377\000S\000p\000e\000c\000i\000f\000i\000c\000a\000t\000i\000o\000n\000s}{chapter.1}% 10
\BOOKMARK [0][-]{chapter.2}{\376\377\000M\000E\000T\000H\000O\000D\000O\000L\000O\000G\000Y}{}% 11
\BOOKMARK [1][-]{section.2.1}{\376\377\000T\000h\000e\000o\000r\000e\000t\000i\000c\000a\000l\000\040\000F\000r\000a\000m\000e\000w\000o\000r\000k}{chapter.2}% 12
\BOOKMARK [1][-]{section.2.2}{\376\377\000D\000a\000t\000a\000\040\000C\000o\000l\000l\000e\000c\000t\000i\000o\000n\000\040\000A\000n\000d\000\040\000P\000r\000e\000p\000r\000o\000c\000e\000s\000s\000i\000n\000g}{chapter.2}% 13
\BOOKMARK [1][-]{section.2.3}{\376\377\000E\000x\000p\000l\000o\000r\000a\000t\000o\000r\000y\000\040\000D\000a\000t\000a\000\040\000A\000n\000a\000l\000y\000s\000i\000s}{chapter.2}% 14
\BOOKMARK [2][-]{subsection.2.3.1}{\376\377\000N\000o\000n\000-\000g\000r\000a\000p\000h\000i\000c\000a\000l}{section.2.3}% 15
\BOOKMARK [2][-]{subsection.2.3.2}{\376\377\000G\000r\000a\000p\000h\000i\000c\000a\000l}{section.2.3}% 16
\BOOKMARK [2][-]{subsection.2.3.3}{\376\377\000D\000o\000m\000a\000i\000n\000\040\000B\000a\000s\000e\000d}{section.2.3}% 17
\BOOKMARK [1][-]{section.2.4}{\376\377\000D\000a\000s\000h\000b\000o\000a\000r\000d\000\040\000C\000r\000e\000a\000t\000i\000o\000n}{chapter.2}% 18
\BOOKMARK [0][-]{chapter.3}{\376\377\000R\000E\000S\000U\000L\000T\000S\000\040\000A\000N\000D\000\040\000D\000I\000S\000C\000U\000S\000S\000I\000O\000N\000S}{}% 19
\BOOKMARK [1][-]{section.3.1}{\376\377\000R\000e\000s\000u\000l\000t}{chapter.3}% 20
\BOOKMARK [1][-]{section.3.2}{\376\377\000E\000D\000A}{chapter.3}% 21
\BOOKMARK [2][-]{subsection.3.2.1}{\376\377\000N\000o\000n\000\040\000-\000\040\000G\000r\000a\000p\000h\000i\000c\000a\000l}{section.3.2}% 22
\BOOKMARK [2][-]{subsection.3.2.2}{\376\377\000G\000r\000a\000p\000h\000i\000c\000a\000l}{section.3.2}% 23
\BOOKMARK [0][-]{chapter.4}{\376\377\000C\000O\000N\000C\000L\000U\000S\000I\000O\000N\000S}{}% 24
